\BOOKMARK [0][]{section*.1}{\376\377\144\130\000\040\000\040\000\040\000\040\211\201}{}% 1
\BOOKMARK [0][]{section*.3}{\376\377\000A\000b\000s\000t\000r\000a\000c\000t}{}% 2
\BOOKMARK [0][]{chapter.1}{\376\377\152\041\147\177\173\200\116\313}{}% 3
\BOOKMARK [1][]{section.1.1}{\376\377\151\202\217\360}{chapter.1}% 4
\BOOKMARK [1][]{section.1.2}{\376\377\120\107\213\276\147\141\116\366}{chapter.1}% 5
\BOOKMARK [1][]{section.1.3}{\376\377\152\041\147\177\177\026\213\321\173\200\116\313}{chapter.1}% 6
\BOOKMARK [1][]{section.1.4}{\376\377\152\041\147\177\123\005\124\053\145\207\116\366\173\200\116\313}{chapter.1}% 7
\BOOKMARK [1][]{section.1.5}{\376\377\174\173\145\207\116\366\220\011\230\171}{chapter.1}% 8
\BOOKMARK [1][]{section.1.6}{\376\377\146\364\145\260\213\260\137\125}{chapter.1}% 9
\BOOKMARK [0][]{chapter.2}{\376\377\127\372\147\054\124\175\116\344}{}% 10
\BOOKMARK [1][]{section.2.1}{\376\377\134\001\227\142\166\370\121\163}{chapter.2}% 11
\BOOKMARK [1][]{section.2.2}{\376\377\127\372\147\054\133\127\117\123\124\175\116\344}{chapter.2}% 12
\BOOKMARK [1][]{section.2.3}{\376\377\210\150\150\074\150\067\147\054}{chapter.2}% 13
\BOOKMARK [1][]{section.2.4}{\376\377\121\154\137\017}{chapter.2}% 14
\BOOKMARK [1][]{section.2.5}{\376\377\122\027\210\150\163\257\130\203}{chapter.2}% 15
\BOOKMARK [1][]{section.2.6}{\376\377\133\232\164\006\163\257\130\203}{chapter.2}% 16
\BOOKMARK [1][]{section.2.7}{\376\377\173\227\154\325}{chapter.2}% 17
\BOOKMARK [1][]{section.2.8}{\376\377\123\302\200\003\145\207\163\056}{chapter.2}% 18
\BOOKMARK [1][]{section.2.9}{\376\377\126\376\137\142\163\257\130\203}{chapter.2}% 19
\BOOKMARK [0][]{chapter.3}{\376\377\176\323\213\272}{}% 20
\BOOKMARK [1][]{section.3.1}{\376\377\121\150\145\207\140\073\176\323}{chapter.3}% 21
\BOOKMARK [0][]{section*.14}{\376\377\201\364\000\040\214\042}{}% 22
\BOOKMARK [0][]{appendix.1}{\376\377\145\073\213\373\133\146\117\115\147\037\225\364\123\321\210\150\123\312\133\214\142\020\166\204\213\272\145\207}{}% 23
